#
# A fatal error has been detected by the Java Runtime Environment:
#
#  EXCEPTION_ACCESS_VIOLATION (0xc0000005) at pc=0x000000005164aefb, pid=16344, tid=0x0000000000007850
#
# JRE version: Java(TM) SE Runtime Environment (8.0_281-b09) (build 1.8.0_281-b09)
# Java VM: Java HotSpot(TM) 64-Bit Server VM (25.281-b09 mixed mode windows-amd64 compressed oops)
# Problematic frame:
# V  [jvm.dll+0x20aefb]
#
# Failed to write core dump. Minidumps are not enabled by default on client versions of Windows
#
# If you would like to submit a bug report, please visit:
#   http://bugreport.java.com/bugreport/crash.jsp
#

---------------  T H R E A D  ---------------

Current thread (0x0000020fb51b4800):  JavaThread "JMX server connection timeout 47" daemon [_thread_in_vm, id=30800, stack(0x000000b3bdd00000,0x000000b3bde00000)]

siginfo: ExceptionCode=0xc0000005, writing address 0x000000b3bddf9500

Registers:
RAX=0x0000000000000007, RBX=0x0000000000000007, RCX=0x000000b3bddf9500, RDX=0x0000000000006000
RSP=0x000000b3bddff500, RBP=0x000000b3bddff600, RSI=0x0000000000000007, RDI=0x0000020fb130edf8
R8 =0x0000000000000005, R9 =0x0000000000000006, R10=0x0000020fb50d3250, R11=0x0000020fb130edf8
R12=0x0000020fb4e03180, R13=0x000000b3bddff8d0, R14=0x000000b3bddff800, R15=0x000000b3bddff500
RIP=0x000000005164aefb, EFLAGS=0x0000000000010202

Top of Stack: (sp=0x000000b3bddff500)
0x000000b3bddff500:   0000020fb51b4800 0000000000000001
0x000000b3bddff510:   0000020fb130edf8 00000000515071ca
0x000000b3bddff520:   0000020fb130edf8 0000020fb51b4800
0x000000b3bddff530:   0000000000000000 0000000000000000
0x000000b3bddff540:   0000000ac0006c00 0000020fb130edf8
0x000000b3bddff550:   0000020fb51b4800 0000020f98afc680
0x000000b3bddff560:   0000000000000001 0000020f97100000
0x000000b3bddff570:   0000020fb130edf8 0000000000000001
0x000000b3bddff580:   0000020f00000005 0000020fb51b4800
0x000000b3bddff590:   0000020fb130edf8 0000020fb51b4800
0x000000b3bddff5a0:   0000020fb130edf8 0000020fb51b4800
0x000000b3bddff5b0:   0000020fb51b4800 0000020fb51b4800
0x000000b3bddff5c0:   0000000000000005 0000020fb130edf8
0x000000b3bddff5d0:   00000007c0006c48 000000005150c457
0x000000b3bddff5e0:   0000020fb4e03180 000000b3bddff641
0x000000b3bddff5f0:   0000020fb130edf8 0000000051772f8b 

Instructions: (pc=0x000000005164aefb)
0x000000005164aedb:   f8 7c 33 48 8b de e8 0a 9c 08 00 48 63 d0 ff c6
0x000000005164aeeb:   48 0f af d3 49 8b cf 48 63 c6 48 2b ca 48 ff c3
0x000000005164aefb:   c7 01 00 00 00 00 48 3b 05 50 f6 55 00 7e d7 48
0x000000005164af0b:   8b 9d e8 00 00 00 48 8d 54 24 48 48 8d 4d 50 e8 


Register to memory mapping:

RAX=0x0000000000000007 is an unknown value
RBX=0x0000000000000007 is an unknown value
RCX=0x000000b3bddf9500 is pointing into the stack for thread: 0x0000020fb51b4800
RDX=0x0000000000006000 is an unknown value
RSP=0x000000b3bddff500 is pointing into the stack for thread: 0x0000020fb51b4800
RBP=0x000000b3bddff600 is pointing into the stack for thread: 0x0000020fb51b4800
RSI=0x0000000000000007 is an unknown value
RDI={method} {0x0000020fb130ee00} 'run' '()V' in 'java/lang/Thread'
R8 =0x0000000000000005 is an unknown value
R9 =0x0000000000000006 is an unknown value
R10=0x0000020fb50d3250 is an unknown value
R11={method} {0x0000020fb130ee00} 'run' '()V' in 'java/lang/Thread'
R12=0x0000020fb4e03180 is an unknown value
R13=0x000000b3bddff8d0 is pointing into the stack for thread: 0x0000020fb51b4800
R14=0x000000b3bddff800 is pointing into the stack for thread: 0x0000020fb51b4800
R15=0x000000b3bddff500 is pointing into the stack for thread: 0x0000020fb51b4800


Stack: [0x000000b3bdd00000,0x000000b3bde00000],  sp=0x000000b3bddff500,  free space=1021k
Native frames: (J=compiled Java code, j=interpreted, Vv=VM code, C=native code)
V  [jvm.dll+0x20aefb]
V  [jvm.dll+0x32e4d2]
V  [jvm.dll+0x20bc74]
V  [jvm.dll+0x20bb4b]
V  [jvm.dll+0x18080d]
V  [jvm.dll+0x23d6b2]
