2022-11-20 13:44:24,475 INFO [main] c.k.p.s.i.ProductServiceImpl [ProductServiceImpl.java:186] a
2022-12-02 23:56:47,210 INFO [main] c.k.p.s.i.ProductServiceImpl [ProductServiceImpl.java:186] a
2022-12-02 23:57:13,796 INFO [background-preinit] o.h.v.i.u.Version [Version.java:21] HV000001: Hibernate Validator 6.1.7.Final
2022-12-02 23:57:14,675 INFO [main] c.k.p.ProductServiceApplication [SpringApplication.java:651] No active profile set, falling back to default profiles: default
2022-12-02 23:57:15,558 INFO [main] o.s.d.r.c.RepositoryConfigurationDelegate [RepositoryConfigurationDelegate.java:249] Multiple Spring Data modules found, entering strict repository configuration mode!
2022-12-02 23:57:15,561 INFO [main] o.s.d.r.c.RepositoryConfigurationDelegate [RepositoryConfigurationDelegate.java:127] Bootstrapping Spring Data Redis repositories in DEFAULT mode.
2022-12-02 23:57:15,602 INFO [main] o.s.d.r.c.RepositoryConfigurationDelegate [RepositoryConfigurationDelegate.java:187] Finished Spring Data repository scanning in 21ms. Found 0 Redis repository interfaces.
2022-12-02 23:57:15,843 INFO [main] o.s.c.c.s.GenericScope [GenericScope.java:295] BeanFactory id=7f21d3eb-d487-3295-8fca-9f9bf382aa33
2022-12-02 23:57:16,338 INFO [main] o.s.b.w.e.t.TomcatWebServer [TomcatWebServer.java:108] Tomcat initialized with port(s): 20003 (http)
2022-12-02 23:57:16,347 INFO [main] o.a.c.h.Http11NioProtocol [DirectJDKLog.java:173] Initializing ProtocolHandler ["http-nio-20003"]
2022-12-02 23:57:16,347 INFO [main] o.a.c.c.StandardService [DirectJDKLog.java:173] Starting service [Tomcat]
2022-12-02 23:57:16,348 INFO [main] o.a.c.c.StandardEngine [DirectJDKLog.java:173] Starting Servlet engine: [Apache Tomcat/9.0.43]
2022-12-02 23:57:16,476 INFO [main] o.a.c.c.C.[.[.[/] [DirectJDKLog.java:173] Initializing Spring embedded WebApplicationContext
2022-12-02 23:57:16,476 INFO [main] o.s.b.w.s.c.ServletWebServerApplicationContext [ServletWebServerApplicationContext.java:285] Root WebApplicationContext: initialization completed in 1789 ms
2022-12-02 23:57:17,372 INFO [main] o.r.Version [Version.java:41] Redisson 3.13.1
2022-12-02 23:57:22,284 WARN [main] o.s.b.w.s.c.AnnotationConfigServletWebServerApplicationContext [AbstractApplicationContext.java:559] Exception encountered during context initialization - cancelling refresh attempt: org.springframework.beans.factory.BeanCreationException: Error creating bean with name 'redisson' defined in class path resource [com/kedom/productService/config/BeanConfig.class]: Bean instantiation via factory method failed; nested exception is org.springframework.beans.BeanInstantiationException: Failed to instantiate [org.redisson.api.RedissonClient]: Factory method 'redisson' threw exception; nested exception is org.redisson.client.RedisConnectionException: Unable to connect to Redis server: /127.0.0.1:6379
2022-12-02 23:57:22,287 INFO [main] o.a.c.c.StandardService [DirectJDKLog.java:173] Stopping service [Tomcat]
2022-12-02 23:57:22,301 INFO [main] o.s.b.a.l.ConditionEvaluationReportLoggingListener [ConditionEvaluationReportLoggingListener.java:136] 

Error starting ApplicationContext. To display the conditions report re-run your application with 'debug' enabled.
2022-12-02 23:57:22,311 ERROR [main] o.s.b.SpringApplication [SpringApplication.java:837] Application run failed
org.springframework.beans.factory.BeanCreationException: Error creating bean with name 'redisson' defined in class path resource [com/kedom/productService/config/BeanConfig.class]: Bean instantiation via factory method failed; nested exception is org.springframework.beans.BeanInstantiationException: Failed to instantiate [org.redisson.api.RedissonClient]: Factory method 'redisson' threw exception; nested exception is org.redisson.client.RedisConnectionException: Unable to connect to Redis server: /127.0.0.1:6379
	at org.springframework.beans.factory.support.ConstructorResolver.instantiate(ConstructorResolver.java:657)
	at org.springframework.beans.factory.support.ConstructorResolver.instantiateUsingFactoryMethod(ConstructorResolver.java:485)
	at org.springframework.beans.factory.support.AbstractAutowireCapableBeanFactory.instantiateUsingFactoryMethod(AbstractAutowireCapableBeanFactory.java:1341)
	at org.springframework.beans.factory.support.AbstractAutowireCapableBeanFactory.createBeanInstance(AbstractAutowireCapableBeanFactory.java:1181)
	at org.springframework.beans.factory.support.AbstractAutowireCapableBeanFactory.doCreateBean(AbstractAutowireCapableBeanFactory.java:556)
	at org.springframework.beans.factory.support.AbstractAutowireCapableBeanFactory.createBean(AbstractAutowireCapableBeanFactory.java:516)
	at org.springframework.beans.factory.support.AbstractBeanFactory.lambda$doGetBean$0(AbstractBeanFactory.java:324)
	at org.springframework.beans.factory.support.DefaultSingletonBeanRegistry.getSingleton(DefaultSingletonBeanRegistry.java:234)
	at org.springframework.beans.factory.support.AbstractBeanFactory.doGetBean(AbstractBeanFactory.java:322)
	at org.springframework.beans.factory.support.AbstractBeanFactory.getBean(AbstractBeanFactory.java:202)
	at org.springframework.beans.factory.support.DefaultListableBeanFactory.preInstantiateSingletons(DefaultListableBeanFactory.java:897)
	at org.springframework.context.support.AbstractApplicationContext.finishBeanFactoryInitialization(AbstractApplicationContext.java:879)
	at org.springframework.context.support.AbstractApplicationContext.refresh(AbstractApplicationContext.java:551)
	at org.springframework.boot.web.servlet.context.ServletWebServerApplicationContext.refresh(ServletWebServerApplicationContext.java:143)
	at org.springframework.boot.SpringApplication.refresh(SpringApplication.java:758)
	at org.springframework.boot.SpringApplication.refresh(SpringApplication.java:750)
	at org.springframework.boot.SpringApplication.refreshContext(SpringApplication.java:405)
	at org.springframework.boot.SpringApplication.run(SpringApplication.java:315)
	at org.springframework.boot.SpringApplication.run(SpringApplication.java:1237)
	at org.springframework.boot.SpringApplication.run(SpringApplication.java:1226)
	at com.kedom.productService.ProductServiceApplication.main(ProductServiceApplication.java:12)
Caused by: org.springframework.beans.BeanInstantiationException: Failed to instantiate [org.redisson.api.RedissonClient]: Factory method 'redisson' threw exception; nested exception is org.redisson.client.RedisConnectionException: Unable to connect to Redis server: /127.0.0.1:6379
	at org.springframework.beans.factory.support.SimpleInstantiationStrategy.instantiate(SimpleInstantiationStrategy.java:185)
	at org.springframework.beans.factory.support.ConstructorResolver.instantiate(ConstructorResolver.java:652)
	... 20 common frames omitted
Caused by: org.redisson.client.RedisConnectionException: Unable to connect to Redis server: /127.0.0.1:6379
	at org.redisson.connection.pool.ConnectionPool$1.lambda$run$0(ConnectionPool.java:159)
	at org.redisson.misc.RedissonPromise.lambda$onComplete$0(RedissonPromise.java:183)
	at io.netty.util.concurrent.DefaultPromise.notifyListener0(DefaultPromise.java:578)
	at io.netty.util.concurrent.DefaultPromise.notifyListenersNow(DefaultPromise.java:552)
	at io.netty.util.concurrent.DefaultPromise.notifyListeners(DefaultPromise.java:491)
	at io.netty.util.concurrent.DefaultPromise.setValue0(DefaultPromise.java:616)
	at io.netty.util.concurrent.DefaultPromise.setFailure0(DefaultPromise.java:609)
	at io.netty.util.concurrent.DefaultPromise.tryFailure(DefaultPromise.java:117)
	at org.redisson.misc.RedissonPromise.tryFailure(RedissonPromise.java:96)
	at org.redisson.connection.pool.ConnectionPool.promiseFailure(ConnectionPool.java:329)
	at org.redisson.connection.pool.ConnectionPool.lambda$createConnection$1(ConnectionPool.java:295)
	at org.redisson.misc.RedissonPromise.lambda$onComplete$0(RedissonPromise.java:183)
	at io.netty.util.concurrent.DefaultPromise.notifyListener0(DefaultPromise.java:578)
	at io.netty.util.concurrent.DefaultPromise.notifyListeners0(DefaultPromise.java:571)
	at io.netty.util.concurrent.DefaultPromise.notifyListenersNow(DefaultPromise.java:550)
	at io.netty.util.concurrent.DefaultPromise.notifyListeners(DefaultPromise.java:491)
	at io.netty.util.concurrent.DefaultPromise.setValue0(DefaultPromise.java:616)
	at io.netty.util.concurrent.DefaultPromise.setFailure0(DefaultPromise.java:609)
	at io.netty.util.concurrent.DefaultPromise.tryFailure(DefaultPromise.java:117)
	at org.redisson.misc.RedissonPromise.tryFailure(RedissonPromise.java:96)
	at org.redisson.client.RedisClient$2$2.run(RedisClient.java:248)
	at io.netty.util.concurrent.AbstractEventExecutor.safeExecute(AbstractEventExecutor.java:164)
	at io.netty.util.concurrent.SingleThreadEventExecutor.runAllTasks(SingleThreadEventExecutor.java:472)
	at io.netty.channel.nio.NioEventLoop.run(NioEventLoop.java:500)
	at io.netty.util.concurrent.SingleThreadEventExecutor$4.run(SingleThreadEventExecutor.java:989)
	at io.netty.util.internal.ThreadExecutorMap$2.run(ThreadExecutorMap.java:74)
	at io.netty.util.concurrent.FastThreadLocalRunnable.run(FastThreadLocalRunnable.java:30)
	at java.lang.Thread.run(Thread.java:748)
Caused by: io.netty.channel.AbstractChannel$AnnotatedConnectException: Connection refused: no further information: /127.0.0.1:6379
Caused by: java.net.ConnectException: Connection refused: no further information
	at sun.nio.ch.SocketChannelImpl.checkConnect(Native Method)
	at sun.nio.ch.SocketChannelImpl.finishConnect(SocketChannelImpl.java:715)
	at io.netty.channel.socket.nio.NioSocketChannel.doFinishConnect(NioSocketChannel.java:330)
	at io.netty.channel.nio.AbstractNioChannel$AbstractNioUnsafe.finishConnect(AbstractNioChannel.java:334)
	at io.netty.channel.nio.NioEventLoop.processSelectedKey(NioEventLoop.java:707)
	at io.netty.channel.nio.NioEventLoop.processSelectedKeysOptimized(NioEventLoop.java:655)
	at io.netty.channel.nio.NioEventLoop.processSelectedKeys(NioEventLoop.java:581)
	at io.netty.channel.nio.NioEventLoop.run(NioEventLoop.java:493)
	at io.netty.util.concurrent.SingleThreadEventExecutor$4.run(SingleThreadEventExecutor.java:989)
	at io.netty.util.internal.ThreadExecutorMap$2.run(ThreadExecutorMap.java:74)
	at io.netty.util.concurrent.FastThreadLocalRunnable.run(FastThreadLocalRunnable.java:30)
	at java.lang.Thread.run(Thread.java:748)
